TN:
SF:controllers\actualAppointmentController.js
FN:4,(anonymous_0)
FNF:1
FNH:1
FNDA:2,(anonymous_0)
DA:1,1
DA:4,1
DA:5,2
DA:6,2
DA:7,2
DA:8,1
DA:10,1
DA:19,1
LF:8
LH:8
BRF:0
BRH:0
end_of_record
TN:
SF:controllers\appointmentController.js.js
FN:6,(anonymous_0)
FNF:1
FNH:1
FNDA:2,(anonymous_0)
DA:3,1
DA:6,1
DA:7,2
DA:8,2
DA:10,2
DA:11,2
DA:12,1
DA:17,1
DA:26,1
LF:9
LH:9
BRF:0
BRH:0
end_of_record
TN:
SF:controllers\billController.js
FN:4,(anonymous_0)
FN:15,(anonymous_1)
FN:18,(anonymous_2)
FN:21,(anonymous_3)
FN:28,(anonymous_4)
FN:41,(anonymous_5)
FN:52,(anonymous_6)
FN:73,(anonymous_7)
FN:103,(anonymous_8)
FN:107,(anonymous_9)
FN:108,(anonymous_10)
FN:112,(anonymous_11)
FN:116,(anonymous_12)
FN:131,(anonymous_13)
FN:132,(anonymous_14)
FN:134,(anonymous_15)
FNF:16
FNH:4
FNDA:2,(anonymous_0)
FNDA:0,(anonymous_1)
FNDA:0,(anonymous_2)
FNDA:0,(anonymous_3)
FNDA:2,(anonymous_4)
FNDA:2,(anonymous_5)
FNDA:5,(anonymous_6)
FNDA:0,(anonymous_7)
FNDA:0,(anonymous_8)
FNDA:0,(anonymous_9)
FNDA:0,(anonymous_10)
FNDA:0,(anonymous_11)
FNDA:0,(anonymous_12)
FNDA:0,(anonymous_13)
FNDA:0,(anonymous_14)
FNDA:0,(anonymous_15)
DA:1,1
DA:4,1
DA:5,2
DA:6,2
DA:7,2
DA:8,1
DA:10,1
DA:15,1
DA:16,0
DA:19,0
DA:22,0
DA:23,0
DA:28,1
DA:29,2
DA:30,2
DA:31,2
DA:32,1
DA:34,1
DA:36,1
DA:41,1
DA:42,2
DA:43,2
DA:46,1
DA:48,1
DA:52,1
DA:53,5
DA:54,1
DA:57,4
DA:58,4
DA:63,2
DA:64,1
DA:67,1
DA:69,3
DA:73,1
DA:74,0
DA:75,0
DA:77,0
DA:78,0
DA:80,0
DA:81,0
DA:82,0
DA:85,0
DA:86,0
DA:88,0
DA:93,0
DA:94,0
DA:103,1
DA:104,0
DA:106,0
DA:107,0
DA:108,0
DA:112,1
DA:113,0
DA:115,0
DA:117,0
DA:118,0
DA:122,0
DA:123,0
DA:124,0
DA:125,0
DA:126,0
DA:129,0
DA:131,0
DA:132,0
DA:134,0
DA:137,1
LF:66
LH:33
BRDA:31,0,0,1
BRDA:31,0,1,1
BRDA:53,1,0,1
BRDA:53,1,1,4
BRDA:63,2,0,1
BRDA:63,2,1,1
BRDA:80,3,0,0
BRDA:80,3,1,0
BRDA:117,4,0,0
BRDA:117,4,1,0
BRF:10
BRH:6
end_of_record
TN:
SF:controllers\doctorAvailabilityController.js
FN:6,(anonymous_0)
FNF:1
FNH:1
FNDA:1,(anonymous_0)
DA:3,1
DA:6,1
DA:7,1
DA:8,1
DA:9,1
DA:10,1
DA:12,0
DA:18,1
LF:8
LH:7
BRF:0
BRH:0
end_of_record
TN:
SF:models\ActualAppointment.js
FN:18,(anonymous_0)
FN:22,(anonymous_1)
FNF:2
FNH:0
FNDA:0,(anonymous_0)
FNDA:0,(anonymous_1)
DA:3,1
DA:5,1
DA:20,0
DA:22,0
DA:49,1
LF:5
LH:3
BRF:0
BRH:0
end_of_record
TN:
SF:models\Appointment.js
FNF:0
FNH:0
DA:3,1
DA:5,1
DA:32,1
LF:3
LH:3
BRF:0
BRH:0
end_of_record
TN:
SF:models\DoctorAvailability.js
FNF:0
FNH:0
DA:3,1
DA:5,1
DA:38,1
LF:3
LH:3
BRF:0
BRH:0
end_of_record
TN:
SF:models\MedicalBill.js
FNF:0
FNH:0
DA:1,1
DA:4,1
DA:54,1
LF:3
LH:3
BRF:0
BRH:0
end_of_record
